<?xml version="1.0" encoding="UTF-8"?>
<!-- Generated by org.testng.reporters.JUnitReportReporter -->
<testsuite skipped="0" hostname="RCAS002" name="com.skyweb.qa.testcases.GeofenceNotificationPageTest" tests="1" failures="0" timestamp="18 Oct 2019 06:46:10 GMT" time="69.355" errors="0">
  <testcase name="VerifyGeofenceNotificationPageTest" time="69.355" classname="com.skyweb.qa.testcases.GeofenceNotificationPageTest"/>
</testsuite> <!-- com.skyweb.qa.testcases.GeofenceNotificationPageTest -->
