<?xml version="1.0" encoding="UTF-8"?>
<!-- Generated by org.testng.reporters.JUnitReportReporter -->
<testsuite skipped="0" hostname="RCAS002" name="com.skyweb.qa.testcases.GeofencesPageTest" tests="1" failures="0" timestamp="18 Oct 2019 06:46:10 GMT" time="84.236" errors="0">
  <testcase name="CreateOnGeofencesTest" time="84.236" classname="com.skyweb.qa.testcases.GeofencesPageTest"/>
</testsuite> <!-- com.skyweb.qa.testcases.GeofencesPageTest -->
